[debug] [2025-06-28T23:59:21.618Z] ----------------------------------------------------------------------
[debug] [2025-06-28T23:59:21.619Z] Command:       /Users/shimidolo/.nvm/versions/node/v20.19.3/bin/node /usr/local/bin/firebase init functions
[debug] [2025-06-28T23:59:21.620Z] CLI Version:   14.8.0
[debug] [2025-06-28T23:59:21.620Z] Platform:      darwin
[debug] [2025-06-28T23:59:21.620Z] Node Version:  v20.19.3
[debug] [2025-06-28T23:59:21.620Z] Time:          Sat Jun 28 2025 16:59:21 GMT-0700 (Pacific Daylight Time)
[debug] [2025-06-28T23:59:21.620Z] ----------------------------------------------------------------------
[debug] 
[debug] [2025-06-28T23:59:21.717Z] > command requires scopes: ["email","openid","https://www.googleapis.com/auth/cloudplatformprojects.readonly","https://www.googleapis.com/auth/firebase","https://www.googleapis.com/auth/cloud-platform"]
[debug] [2025-06-28T23:59:21.717Z] > authorizing via signed-in user (jehuty540@gmail.com)
[info] 
     ######## #### ########  ######## ########     ###     ######  ########
     ##        ##  ##     ## ##       ##     ##  ##   ##  ##       ##
     ######    ##  ########  ######   ########  #########  ######  ######
     ##        ##  ##    ##  ##       ##     ## ##     ##       ## ##
     ##       #### ##     ## ######## ########  ##     ##  ######  ########

You're about to initialize a Firebase project in this directory:

  /Users/shimidolo/miss-taco-madres

Before we get started, keep in mind:

  * You are initializing within an existing Firebase project directory

[info] 
=== Project Setup
[info] 
[info] First, let's associate this project directory with a Firebase project.
[info] You can create multiple project aliases by running firebase use --add, 
[info] but for now we'll just set up a default project.
[info] 
[debug] [2025-06-28T23:59:21.719Z] Using project from CLI flag: miss-taco-madres-6e4cb
[debug] [2025-06-28T23:59:21.719Z] Checked if tokens are valid: true, expires at: 1751157186513
[debug] [2025-06-28T23:59:21.719Z] Checked if tokens are valid: true, expires at: 1751157186513
[debug] [2025-06-28T23:59:21.720Z] >>> [apiv2][query] GET https://firebase.googleapis.com/v1beta1/projects/miss-taco-madres-6e4cb [none]
[debug] [2025-06-28T23:59:26.442Z] <<< [apiv2][status] GET https://firebase.googleapis.com/v1beta1/projects/miss-taco-madres-6e4cb 200
[debug] [2025-06-28T23:59:26.443Z] <<< [apiv2][body] GET https://firebase.googleapis.com/v1beta1/projects/miss-taco-madres-6e4cb {"projectId":"miss-taco-madres-6e4cb","projectNumber":"836406928853","displayName":"miss-taco-madres","name":"projects/miss-taco-madres-6e4cb","resources":{"hostingSite":"miss-taco-madres-6e4cb"},"state":"ACTIVE","etag":"1_9959bb06-21fe-4059-8ddd-cdfa25ec33d2"}
[info] i  Using project miss-taco-madres-6e4cb (miss-taco-madres) 
[info] 
=== Functions Setup
[debug] [2025-06-28T23:59:26.456Z] > command requires scopes: ["email","openid","https://www.googleapis.com/auth/cloudplatformprojects.readonly","https://www.googleapis.com/auth/firebase","https://www.googleapis.com/auth/cloud-platform"]
[debug] [2025-06-28T23:59:26.456Z] > authorizing via signed-in user (jehuty540@gmail.com)
[debug] [2025-06-28T23:59:26.456Z] [iam] checking project miss-taco-madres-6e4cb for permissions ["firebase.projects.get"]
[debug] [2025-06-28T23:59:26.456Z] Checked if tokens are valid: true, expires at: 1751157186513
[debug] [2025-06-28T23:59:26.456Z] Checked if tokens are valid: true, expires at: 1751157186513
[debug] [2025-06-28T23:59:26.457Z] >>> [apiv2][query] POST https://cloudresourcemanager.googleapis.com/v1/projects/miss-taco-madres-6e4cb:testIamPermissions [none]
[debug] [2025-06-28T23:59:26.457Z] >>> [apiv2][(partial)header] POST https://cloudresourcemanager.googleapis.com/v1/projects/miss-taco-madres-6e4cb:testIamPermissions x-goog-quota-user=projects/miss-taco-madres-6e4cb
[debug] [2025-06-28T23:59:26.457Z] >>> [apiv2][body] POST https://cloudresourcemanager.googleapis.com/v1/projects/miss-taco-madres-6e4cb:testIamPermissions {"permissions":["firebase.projects.get"]}
[debug] [2025-06-28T23:59:27.757Z] <<< [apiv2][status] POST https://cloudresourcemanager.googleapis.com/v1/projects/miss-taco-madres-6e4cb:testIamPermissions 200
[debug] [2025-06-28T23:59:27.758Z] <<< [apiv2][body] POST https://cloudresourcemanager.googleapis.com/v1/projects/miss-taco-madres-6e4cb:testIamPermissions {"permissions":["firebase.projects.get"]}
[info] 
Detected existing codebase(s): default

[info] Let's create a new codebase for your functions.
[info] A directory corresponding to the codebase will be created in your project
[info] with sample code pre-configured.

[info] See https://firebase.google.com/docs/functions/organize-functions for
[info] more information on organizing your functions using codebases.

[info] Functions can be deployed with firebase deploy.

[error] functions.codebase must be unique but 'default' was used more than once.
[error] Invalid codebase name. Codebase must be less than 64 characters and can contain only lowercase letters, numeric characters, underscores, and dashes.
[error] Invalid codebase name. Codebase must be less than 64 characters and can contain only lowercase letters, numeric characters, underscores, and dashes.
[debug] [2025-06-29T00:10:23.675Z] ExitPromptError: User force closed the prompt with SIGINT
    at Interface.sigint (/usr/local/lib/node_modules/firebase-tools/node_modules/@inquirer/core/dist/commonjs/lib/create-prompt.js:101:37)
    at Interface.emit (node:events:524:28)
    at Interface.emit (node:domain:489:12)
    at [_ttyWrite] [as _ttyWrite] (node:internal/readline/interface:1125:18)
    at ReadStream.onkeypress (node:internal/readline/interface:264:20)
    at ReadStream.emit (node:events:536:35)
    at ReadStream.emit (node:domain:489:12)
    at emitKeys (node:internal/readline/utils:371:14)
    at emitKeys.next (<anonymous>)
    at ReadStream.onData (node:internal/readline/emitKeypressEvents:64:36)
[error] 
[error] Error: An unexpected error has occurred.
